This file contains any messages produced by compilers while
running configure, to aid debugging if configure makes a mistake.

It was created by The Glorious Glasgow Haskell Compilation System configure 8.4.3, which was
generated by GNU Autoconf 2.69.  Invocation command line was

  $ /home/davidf/.stack/programs/x86_64-linux/ghc-tinfo6-8.4.3.temp/ghc-8.4.3/configure --prefix=/home/davidf/.stack/programs/x86_64-linux/ghc-tinfo6-8.4.3/

## --------- ##
## Platform. ##
## --------- ##

hostname = davidf-pc
uname -m = x86_64
uname -r = 4.19.28-1-MANJARO
uname -s = Linux
uname -v = #1 SMP PREEMPT Sun Mar 10 08:32:42 UTC 2019

/usr/bin/uname -p = unknown
/bin/uname -X     = unknown

/bin/arch              = unknown
/usr/bin/arch -k       = unknown
/usr/convex/getsysinfo = unknown
/usr/bin/hostinfo      = unknown
/bin/machine           = unknown
/usr/bin/oslevel       = unknown
/bin/universe          = unknown

PATH: /usr/local/bin
PATH: /usr/local/sbin
PATH: /usr/bin
PATH: /usr/lib/jvm/default/bin
PATH: /usr/bin/site_perl
PATH: /usr/bin/vendor_perl
PATH: /usr/bin/core_perl


## ----------- ##
## Core tests. ##
## ----------- ##

configure:2320: checking build system type
configure:2334: result: x86_64-pc-linux-gnu
configure:2354: checking host system type
configure:2367: result: x86_64-pc-linux-gnu
configure:2387: checking target system type
configure:2400: result: x86_64-pc-linux-gnu
configure:3243: checking for path to top of build tree
configure:3269: result: /home/davidf/Documents/hstocoq/hs-to-coq
configure:3289: checking for perl
configure:3307: found /usr/bin/perl
configure:3319: result: /usr/bin/perl
configure:3349: checking for a BSD-compatible install
configure:3417: result: /usr/bin/install -c
configure:3435: checking for gfind
configure:3468: result: no
configure:3435: checking for find
configure:3453: found /usr/bin/find
configure:3465: result: /usr/bin/find
configure:3547: checking whether ln -s works
configure:3551: result: yes
configure:3563: checking for gsed
configure:3594: result: sed
configure:3683: checking for gcc
configure:3713: result: no
configure:3683: checking for clang
configure:3713: result: no
configure:3735: error: in `/home/davidf/Documents/hstocoq/hs-to-coq':
configure:3737: error: no acceptable C compiler found in $PATH
See `config.log' for more details

## ---------------- ##
## Cache variables. ##
## ---------------- ##

ac_cv_build=x86_64-pc-linux-gnu
ac_cv_env_CC_set=
ac_cv_env_CC_value=
ac_cv_env_CFLAGS_set=
ac_cv_env_CFLAGS_value=
ac_cv_env_CPPFLAGS_set=
ac_cv_env_CPPFLAGS_value=
ac_cv_env_CPP_set=
ac_cv_env_CPP_value=
ac_cv_env_LDFLAGS_set=
ac_cv_env_LDFLAGS_value=
ac_cv_env_LIBS_set=
ac_cv_env_LIBS_value=
ac_cv_env_build_alias_set=
ac_cv_env_build_alias_value=
ac_cv_env_host_alias_set=
ac_cv_env_host_alias_value=
ac_cv_env_target_alias_set=
ac_cv_env_target_alias_value=
ac_cv_host=x86_64-pc-linux-gnu
ac_cv_path_PerlCmd=/usr/bin/perl
ac_cv_path_SedCmd=sed
ac_cv_path_fp_prog_find=/usr/bin/find
ac_cv_path_install='/usr/bin/install -c'
ac_cv_target=x86_64-pc-linux-gnu

## ----------------- ##
## Output variables. ##
## ----------------- ##

ARM_ISA=''
AS=''
ArArgs=''
ArCmd=''
ArIsGNUAr=''
ArSupportsAtFile=''
BuildArch_CPP='x86_64'
BuildOS_CPP='linux'
BuildPlatform='x86_64-unknown-linux'
BuildPlatform_CPP='x86_64_unknown_linux'
BuildVendor_CPP='unknown'
CC=''
CFLAGS=''
CONF_CC_OPTS_STAGE0=''
CONF_CC_OPTS_STAGE1=''
CONF_CC_OPTS_STAGE2=''
CONF_CPP_OPTS_STAGE0=''
CONF_CPP_OPTS_STAGE1=''
CONF_CPP_OPTS_STAGE2=''
CONF_GCC_LINKER_OPTS_STAGE0=''
CONF_GCC_LINKER_OPTS_STAGE1=''
CONF_GCC_LINKER_OPTS_STAGE2=''
CONF_LD_LINKER_OPTS_STAGE0=''
CONF_LD_LINKER_OPTS_STAGE1=''
CONF_LD_LINKER_OPTS_STAGE2=''
CPP=''
CPPFLAGS=''
CrossCompilePrefix=''
CrossCompiling='NO'
DEFS=''
ECHO_C=''
ECHO_N='-n'
ECHO_T=''
EGREP=''
EXEEXT=''
FFIIncludeDir=''
FFILibDir=''
FindCmd='/usr/bin/find'
GMP_INCLUDE_DIRS=''
GMP_LIB_DIRS=''
GREP=''
GccExtraViaCOpts=''
GccLT46=''
GccVersion=''
HaskellCPPArgs=''
HaskellCPPCmd=''
HaskellHaveGnuNonexecStack=''
HaskellHaveIdentDirective=''
HaskellHaveRTSLinker='YES'
HaskellHaveSubsectionsViaSymbols=''
HaskellTargetArch=''
HaskellTargetOs=''
HostArch_CPP='x86_64'
HostOS_CPP='linux'
HostPlatform='x86_64-unknown-linux'
HostPlatform_CPP='x86_64_unknown_linux'
HostVendor_CPP='unknown'
INSTALL_DATA='${INSTALL} -m 644'
INSTALL_PROGRAM='${INSTALL}'
INSTALL_SCRIPT='${INSTALL}'
LD=''
LDFLAGS=''
LIBOBJS=''
LIBS=''
LLC=''
LLVMTarget_CPP='x86_64-unknown-linux'
LN_S='ln -s'
LTLIBOBJS=''
LdCmd=''
LdHasBuildId=''
LdHasFilelist=''
LdHasNoCompactUnwind=''
LdIsGNULd=''
LlcCmd=''
OBJEXT=''
OPT=''
OptCmd=''
PACKAGE_BUGREPORT='glasgow-haskell-bugs@haskell.org'
PACKAGE_NAME='The Glorious Glasgow Haskell Compilation System'
PACKAGE_STRING='The Glorious Glasgow Haskell Compilation System 8.4.3'
PACKAGE_TARNAME='ghc-8.4.3'
PACKAGE_URL=''
PACKAGE_VERSION='8.4.3'
PATH_SEPARATOR=':'
PerlCmd='/usr/bin/perl'
RANLIB=''
RANLIB_CMD=''
READELF=''
REAL_RANLIB_CMD=''
SHELL='/bin/sh'
STRIP=''
SedCmd='sed'
SettingsArCommand=''
SettingsCCompilerCommand=''
SettingsCCompilerFlags=''
SettingsCCompilerLinkFlags=''
SettingsCCompilerSupportsNoPie=''
SettingsClangCommand=''
SettingsDllWrapCommand=''
SettingsHaskellCPPCommand=''
SettingsHaskellCPPFlags=''
SettingsLdCommand=''
SettingsLdFlags=''
SettingsLibtoolCommand=''
SettingsLlcCommand=''
SettingsOptCommand=''
SettingsPerlCommand=''
SettingsRanlibCommand=''
SettingsTouchCommand=''
SettingsWindresCommand=''
StripCmd=''
TargetArch_CPP='x86_64'
TargetOS_CPP='linux'
TargetPlatform='x86_64-unknown-linux'
TargetPlatformFull='x86_64-unknown-linux'
TargetPlatform_CPP='x86_64_unknown_linux'
TargetVendor_CPP='unknown'
TargetWordSize=''
TmpLd=''
Unregisterised='NO'
ac_ct_CC=''
ac_ct_LLC=''
ac_ct_OPT=''
bindir='${exec_prefix}/bin'
build='x86_64-unknown-linux'
build_alias=''
build_cpu='x86_64'
build_os='linux-gnu'
build_vendor='pc'
datadir='${datarootdir}'
datarootdir='${prefix}/share'
docdir='${datarootdir}/doc/${PACKAGE_TARNAME}'
dvidir='${docdir}'
exec_prefix='NONE'
exeext_host=''
exeext_target=''
fp_prog_ar=''
fp_prog_find='/usr/bin/find'
hardtop='/home/davidf/Documents/hstocoq/hs-to-coq'
host='x86_64-unknown-linux'
host_alias=''
host_cpu='x86_64'
host_os='linux-gnu'
host_vendor='pc'
htmldir='${docdir}'
includedir='${prefix}/include'
infodir='${datarootdir}/info'
libdir='${exec_prefix}/lib'
libexecdir='${exec_prefix}/libexec'
localedir='${datarootdir}/locale'
localstatedir='${prefix}/var'
mandir='${datarootdir}/man'
oldincludedir='/usr/include'
pdfdir='${docdir}'
prefix='/home/davidf/.stack/programs/x86_64-linux/ghc-tinfo6-8.4.3'
program_transform_name='s,x,x,'
psdir='${docdir}'
sbindir='${exec_prefix}/sbin'
sharedstatedir='${prefix}/com'
soext_host='.so'
soext_target='.so'
sysconfdir='${prefix}/etc'
target='x86_64-unknown-linux'
target_alias=''
target_cpu='x86_64'
target_os='linux-gnu'
target_vendor='pc'

## ----------- ##
## confdefs.h. ##
## ----------- ##

/* confdefs.h */
#define PACKAGE_NAME "The Glorious Glasgow Haskell Compilation System"
#define PACKAGE_TARNAME "ghc-8.4.3"
#define PACKAGE_VERSION "8.4.3"
#define PACKAGE_STRING "The Glorious Glasgow Haskell Compilation System 8.4.3"
#define PACKAGE_BUGREPORT "glasgow-haskell-bugs@haskell.org"
#define PACKAGE_URL ""

configure: exit 1
